%このファイルは日本語文字を含みます.
\BOOKMARK [1][-]{section.1}{\376\377\060\104\060\117\060\144\060\113\060\156\121\032\060\104\131\042\060\137\060\141}{}% 1
\BOOKMARK [1][-]{section.2}{\376\377\131\042\060\222\142\341\060\122\060\146\060\104\060\117}{}% 2
\BOOKMARK [2][-]{subsection.2.1}{\376\377\060\325\060\247\060\353\060\336\060\374\060\156\134\017\133\232\164\006\060\150\117\123\060\156\152\031\145\160}{section.2}% 3
\BOOKMARK [2][-]{subsection.2.2}{\376\377\060\325\060\355\060\331\060\313\060\246\060\271\121\231\120\317\060\147\122\115\220\024\155\013\060\005}{section.2}% 4
\BOOKMARK [1][-]{section.3}{\376\377\175\040\145\160\060\156\122\006\211\343\060\153\157\134\060\200\152\137\136\217}{}% 5
\BOOKMARK [2][-]{subsection.3.1}{\376\377\175\040\145\160\060\222\122\006\211\343\060\127\060\146\060\177\060\213}{section.3}% 6
\BOOKMARK [2][-]{subsection.3.2}{\376\377\164\006\140\363\060\156\145\160\060\222\154\102\060\201\060\146}{section.3}% 7
\BOOKMARK [2][-]{subsection.3.3}{\376\377\175\040\145\160\122\006\211\343\060\156\164\006\212\326\060\170\060\156\156\226\120\231}{section.3}% 8
\BOOKMARK [2][-]{subsection.3.4}{\376\377\175\040\145\160\060\222\122\006\211\343\060\127\060\146\060\177\060\213\000i\000n\136\163\145\271\150\071\060\222\155\373\122\240\060\127\060\137\116\026\165\114}{section.3}% 9
\BOOKMARK [1][-]{section.4}{\376\377\060\325\060\355\060\331\060\313\060\246\060\271\060\150\121\161\060\153\230\136\117\123\212\326\060\156\170\247\204\075\060\170}{}% 10
\BOOKMARK [2][-]{subsection.4.1}{\376\377\117\177\060\106\060\137\060\201\060\156\060\254\060\355\060\242\164\006\212\326\060\150\121\206\122\006\117\123}{section.4}% 11
\BOOKMARK [2][-]{subsection.4.2}{\376\377\147\011\226\120\117\123\060\156\060\254\060\355\060\242\164\006\212\326}{section.4}% 12
\BOOKMARK [2][-]{subsection.4.3}{\376\377\116\343\145\160\117\123\060\156\116\000\202\054\123\026\060\153\124\021\060\121\060\146}{section.4}% 13
\BOOKMARK [2][-]{subsection.4.4}{\376\377\060\254\060\355\060\242\142\341\131\047\060\153\060\112\060\121\060\213\060\322\060\353\060\331\060\353\060\310\060\156\122\006\134\220\164\006\212\326}{section.4}% 14
\BOOKMARK [2][-]{subsection.4.5}{\376\377\060\325\060\355\060\331\060\313\060\246\060\271\060\150\060\150\060\202\060\153\230\002\060\170}{section.4}% 15
\BOOKMARK [1][-]{section.5}{\376\377\060\352\060\345\060\253\060\156\133\232\164\006\060\150\060\267\060\247\060\353\060\324\060\363\060\271\060\255\060\374\060\156\060\256\060\343\060\271\060\261\060\303\060\310}{}% 16
\BOOKMARK [2][-]{subsection.5.1}{\376\377\060\352\060\345\060\253\060\156\133\232\164\006}{section.5}% 17
\BOOKMARK [2][-]{subsection.5.2}{\376\377\060\267\060\247\060\353\060\324\060\363\060\271\060\255\060\374\060\156\060\256\060\343\060\271\060\261\060\303\060\310}{section.5}% 18
\BOOKMARK [2][-]{subsection.5.3}{\376\377\175\040\145\160\122\044\133\232\060\242\060\353\060\264\060\352\060\272\060\340\060\014\000A\000K\000S\122\044\133\232\154\325\060\015\060\156\175\071\116\313}{section.5}% 19
\BOOKMARK [1][-]{section.6}{\376\377\123\302\200\003\145\207\163\056}{}% 20
